android/app/build/outputs/logs/manifest-merger-release-report.txt
-- Merging decision tree log ---
permission#com.noponto.permission.C2D_MESSAGE
INJECTED from src/main/AndroidManifest.xml:7:5-9:47
	android:protectionLevel
		ADDED from src/main/AndroidManifest.xml:9:9-44
	android:name
		INJECTED from src/main/AndroidManifest.xml
		ADDED from src/main/AndroidManifest.xml:8:9-63
uses-permission#com.noponto.permission.C2D_MESSAGE
INJECTED from src/main/AndroidManifest.xml:10:5-79
	android:name
		INJECTED from src/main/AndroidManifest.xml
		ADDED from src/main/AndroidManifest.xml:10:22-76
manifest
ADDED from src/main/AndroidManifest.xml:1:1-53:12
INJECTED from src/main/AndroidManifest.xml:1:1-53:12
INJECTED from src/main/AndroidManifest.xml:1:1-53:12
INJECTED from src/main/AndroidManifest.xml:1:1-53:12
MERGED from [:react-native-push-notification] AndroidManifest.xml:2:1-11:12
MERGED from [:react-native-boundary] AndroidManifest.xml:2:1-30:12
MERGED from [:react-native-vector-icons] AndroidManifest.xml:2:1-11:12
MERGED from [:react-native-maps] AndroidManifest.xml:2:1-12:12
MERGED from [com.google.android.gms:play-services-maps:16.0.0] AndroidManifest.xml:17:1-32:12
MERGED from [com.google.android.gms:play-services-gcm:17.0.0] AndroidManifest.xml:17:1-28:12
MERGED from [:react-native-geolocation-service] AndroidManifest.xml:2:1-14:12
MERGED from [com.google.android.gms:play-services-location:16.0.0] AndroidManifest.xml:2:1-9:12
MERGED from [com.google.android.gms:play-services-iid:17.0.0] AndroidManifest.xml:17:1-28:12
MERGED from [com.google.firebase:firebase-messaging:20.0.1] AndroidManifest.xml:17:1-37:12
MERGED from [com.google.firebase:firebase-iid:20.0.1] AndroidManifest.xml:17:1-47:12
MERGED from [com.google.firebase:firebase-iid-interop:17.0.0] AndroidManifest.xml:2:1-10:12
MERGED from [com.google.android.gms:play-services-base:17.0.0] AndroidManifest.xml:17:1-29:12
MERGED from [:react-native-gesture-handler] AndroidManifest.xml:2:1-11:12
MERGED from [com.facebook.react:react-native:0.60.5] AndroidManifest.xml:2:1-13:12
MERGED from [org.webkit:android-jsc:r245459] AndroidManifest.xml:2:1-11:12
MERGED from [androidx.appcompat:appcompat:1.0.2] AndroidManifest.xml:17:1-22:12
MERGED from [me.leolin:ShortcutBadger:1.1.8] AndroidManifest.xml:2:1-41:12
MERGED from [com.google.maps.android:android-maps-utils:0.5] AndroidManifest.xml:2:1-13:12
MERGED from [com.google.android.gms:play-services-stats:17.0.0] AndroidManifest.xml:2:1-9:12
MERGED from [com.google.firebase:firebase-common:19.2.0] AndroidManifest.xml:2:1-26:12
MERGED from [com.google.android.gms:play-services-tasks:17.0.0] AndroidManifest.xml:2:1-9:12
MERGED from [com.google.firebase:firebase-measurement-connector:18.0.0] AndroidManifest.xml:17:1-25:12
MERGED from [com.google.android.gms:play-services-places-placereport:16.0.0] AndroidManifest.xml:17:1-24:12
MERGED from [com.google.android.gms:play-services-basement:17.0.0] AndroidManifest.xml:17:1-28:12
MERGED from [com.facebook.fresco:fresco:2.0.0] AndroidManifest.xml:2:1-9:12
MERGED from [com.facebook.fresco:imagepipeline-okhttp3:2.0.0] AndroidManifest.xml:2:1-9:12
MERGED from [com.facebook.fresco:drawee:2.0.0] AndroidManifest.xml:2:1-9:12
MERGED from [com.facebook.fresco:nativeimagefilters:2.0.0] AndroidManifest.xml:2:1-9:12
MERGED from [com.facebook.fresco:imagepipeline:2.0.0] AndroidManifest.xml:2:1-9:12
MERGED from [com.facebook.fresco:nativeimagetranscoder:2.0.0] AndroidManifest.xml:2:1-9:12
MERGED from [com.facebook.fresco:imagepipeline-base:2.0.0] AndroidManifest.xml:2:1-9:12
MERGED from [com.facebook.soloader:soloader:0.6.0] AndroidManifest.xml:2:1-13:12
MERGED from [androidx.fragment:fragment:1.0.0] AndroidManifest.xml:17:1-22:12
MERGED from [androidx.vectordrawable:vectordrawable-animated:1.0.0] AndroidManifest.xml:17:1-22:12
MERGED from [androidx.legacy:legacy-support-core-ui:1.0.0] AndroidManifest.xml:17:1-22:12
MERGED from [androidx.legacy:legacy-support-core-utils:1.0.0] AndroidManifest.xml:17:1-22:12
MERGED from [androidx.vectordrawable:vectordrawable:1.0.1] AndroidManifest.xml:17:1-22:12
MERGED from [androidx.loader:loader:1.0.0] AndroidManifest.xml:17:1-22:12
MERGED from [androidx.viewpager:viewpager:1.0.0] AndroidManifest.xml:17:1-22:12
MERGED from [androidx.coordinatorlayout:coordinatorlayout:1.0.0] AndroidManifest.xml:17:1-22:12
MERGED from [androidx.drawerlayout:drawerlayout:1.0.0] AndroidManifest.xml:17:1-22:12
MERGED from [androidx.slidingpanelayout:slidingpanelayout:1.0.0] AndroidManifest.xml:17:1-22:12
MERGED from [androidx.customview:customview:1.0.0] AndroidManifest.xml:17:1-22:12
MERGED from [androidx.swiperefreshlayout:swiperefreshlayout:1.0.0] AndroidManifest.xml:17:1-22:12
MERGED from [androidx.asynclayoutinflater:asynclayoutinflater:1.0.0] AndroidManifest.xml:17:1-22:12
MERGED from [androidx.core:core:1.0.1] AndroidManifest.xml:17:1-24:12
MERGED from [androidx.versionedparcelable:versionedparcelable:1.0.0] AndroidManifest.xml:17:1-25:12
MERGED from [androidx.cursoradapter:cursoradapter:1.0.0] AndroidManifest.xml:17:1-22:12
MERGED from [androidx.documentfile:documentfile:1.0.0] AndroidManifest.xml:17:1-22:12
MERGED from [androidx.localbroadcastmanager:localbroadcastmanager:1.0.0] AndroidManifest.xml:17:1-22:12
MERGED from [androidx.print:print:1.0.0] AndroidManifest.xml:17:1-22:12
MERGED from [androidx.lifecycle:lifecycle-runtime:2.0.0] AndroidManifest.xml:17:1-22:12
MERGED from [androidx.lifecycle:lifecycle-viewmodel:2.0.0] AndroidManifest.xml:17:1-22:12
MERGED from [androidx.lifecycle:lifecycle-livedata:2.0.0] AndroidManifest.xml:17:1-22:12
MERGED from [androidx.lifecycle:lifecycle-livedata-core:2.0.0] AndroidManifest.xml:17:1-22:12
MERGED from [androidx.arch.core:core-runtime:2.0.0] AndroidManifest.xml:17:1-22:12
MERGED from [androidx.interpolator:interpolator:1.0.0] AndroidManifest.xml:17:1-22:12
MERGED from [com.facebook.fresco:fbcore:2.0.0] AndroidManifest.xml:2:1-9:12
INJECTED from src/main/AndroidManifest.xml:1:1-53:12
INJECTED from src/main/AndroidManifest.xml:1:1-53:12
INJECTED from src/main/AndroidManifest.xml:1:1-53:12
	package
		ADDED from src/main/AndroidManifest.xml:2:3-24
		INJECTED from src/main/AndroidManifest.xml
		INJECTED from src/main/AndroidManifest.xml
	android:versionName
		INJECTED from src/main/AndroidManifest.xml
		ADDED from src/main/AndroidManifest.xml:1:1-53:12
		INJECTED from src/main/AndroidManifest.xml
	android:versionCode
		INJECTED from src/main/AndroidManifest.xml
		ADDED from src/main/AndroidManifest.xml:1:1-53:12
		INJECTED from src/main/AndroidManifest.xml
	xmlns:android
		ADDED from src/main/AndroidManifest.xml:1:11-69
uses-permission#android.permission.INTERNET
ADDED from src/main/AndroidManifest.xml:4:5-67
MERGED from [:react-native-maps] AndroidManifest.xml:9:5-67
MERGED from [:react-native-maps] AndroidManifest.xml:9:5-67
MERGED from [com.google.android.gms:play-services-maps:16.0.0] AndroidManifest.xml:24:5-67
MERGED from [com.google.android.gms:play-services-maps:16.0.0] AndroidManifest.xml:24:5-67
MERGED from [com.google.android.gms:play-services-gcm:17.0.0] AndroidManifest.xml:24:5-67
MERGED from [com.google.android.gms:play-services-gcm:17.0.0] AndroidManifest.xml:24:5-67
MERGED from [:react-native-geolocation-service] AndroidManifest.xml:9:5-67
MERGED from [:react-native-geolocation-service] AndroidManifest.xml:9:5-67
MERGED from [com.google.android.gms:play-services-iid:17.0.0] AndroidManifest.xml:24:5-67
MERGED from [com.google.android.gms:play-services-iid:17.0.0] AndroidManifest.xml:24:5-67
MERGED from [com.google.firebase:firebase-iid:20.0.1] AndroidManifest.xml:23:5-67
MERGED from [com.google.firebase:firebase-iid:20.0.1] AndroidManifest.xml:23:5-67
	android:name
		ADDED from src/main/AndroidManifest.xml:4:22-64
uses-permission#android.permission.ACCESS_FINE_LOCATION
ADDED from src/main/AndroidManifest.xml:5:5-79
MERGED from [:react-native-boundary] AndroidManifest.xml:11:5-79
MERGED from [:react-native-boundary] AndroidManifest.xml:11:5-79
MERGED from [:react-native-geolocation-service] AndroidManifest.xml:12:5-79
MERGED from [:react-native-geolocation-service] AndroidManifest.xml:12:5-79
	android:name
		ADDED from src/main/AndroidManifest.xml:5:22-76
uses-permission#android.permission.WAKE_LOCK
ADDED from src/main/AndroidManifest.xml:6:5-68
MERGED from [:react-native-boundary] AndroidManifest.xml:12:5-68
MERGED from [:react-native-boundary] AndroidManifest.xml:12:5-68
MERGED from [com.google.firebase:firebase-iid:20.0.1] AndroidManifest.xml:24:5-68
MERGED from [com.google.firebase:firebase-iid:20.0.1] AndroidManifest.xml:24:5-68
	android:name
		ADDED from src/main/AndroidManifest.xml:6:22-65
uses-permission#android.permission.VIBRATE
ADDED from src/main/AndroidManifest.xml:12:5-66
	android:name
		ADDED from src/main/AndroidManifest.xml:12:22-63
uses-permission#android.permission.RECEIVE_BOOT_COMPLETED
ADDED from src/main/AndroidManifest.xml:13:5-80
	android:name
		ADDED from src/main/AndroidManifest.xml:13:22-78
application
ADDED from src/main/AndroidManifest.xml:15:5-51:19
MERGED from [:react-native-boundary] AndroidManifest.xml:14:5-28:19
MERGED from [:react-native-boundary] AndroidManifest.xml:14:5-28:19
MERGED from [com.google.android.gms:play-services-maps:16.0.0] AndroidManifest.xml:30:5-20
MERGED from [com.google.android.gms:play-services-maps:16.0.0] AndroidManifest.xml:30:5-20
MERGED from [com.google.android.gms:play-services-gcm:17.0.0] AndroidManifest.xml:26:5-20
MERGED from [com.google.android.gms:play-services-gcm:17.0.0] AndroidManifest.xml:26:5-20
MERGED from [com.google.android.gms:play-services-location:16.0.0] AndroidManifest.xml:7:5-20
MERGED from [com.google.android.gms:play-services-location:16.0.0] AndroidManifest.xml:7:5-20
MERGED from [com.google.android.gms:play-services-iid:17.0.0] AndroidManifest.xml:26:5-20
MERGED from [com.google.android.gms:play-services-iid:17.0.0] AndroidManifest.xml:26:5-20
MERGED from [com.google.firebase:firebase-messaging:20.0.1] AndroidManifest.xml:22:5-35:19
MERGED from [com.google.firebase:firebase-messaging:20.0.1] AndroidManifest.xml:22:5-35:19
MERGED from [com.google.firebase:firebase-iid:20.0.1] AndroidManifest.xml:28:5-45:19
MERGED from [com.google.firebase:firebase-iid:20.0.1] AndroidManifest.xml:28:5-45:19
MERGED from [com.google.firebase:firebase-iid-interop:17.0.0] AndroidManifest.xml:7:5-8:19
MERGED from [com.google.firebase:firebase-iid-interop:17.0.0] AndroidManifest.xml:7:5-8:19
MERGED from [com.google.android.gms:play-services-base:17.0.0] AndroidManifest.xml:22:5-27:19
MERGED from [com.google.android.gms:play-services-base:17.0.0] AndroidManifest.xml:22:5-27:19
MERGED from [com.facebook.react:react-native:0.60.5] AndroidManifest.xml:11:5-20
MERGED from [com.facebook.react:react-native:0.60.5] AndroidManifest.xml:11:5-20
MERGED from [com.google.maps.android:android-maps-utils:0.5] AndroidManifest.xml:7:5-11:19
MERGED from [com.google.maps.android:android-maps-utils:0.5] AndroidManifest.xml:7:5-11:19
MERGED from [com.google.android.gms:play-services-stats:17.0.0] AndroidManifest.xml:7:5-20
MERGED from [com.google.android.gms:play-services-stats:17.0.0] AndroidManifest.xml:7:5-20
MERGED from [com.google.firebase:firebase-common:19.2.0] AndroidManifest.xml:12:5-24:19
MERGED from [com.google.firebase:firebase-common:19.2.0] AndroidManifest.xml:12:5-24:19
MERGED from [com.google.android.gms:play-services-tasks:17.0.0] AndroidManifest.xml:7:5-20
MERGED from [com.google.android.gms:play-services-tasks:17.0.0] AndroidManifest.xml:7:5-20
MERGED from [com.google.firebase:firebase-measurement-connector:18.0.0] AndroidManifest.xml:22:5-23:19
MERGED from [com.google.firebase:firebase-measurement-connector:18.0.0] AndroidManifest.xml:22:5-23:19
MERGED from [com.google.android.gms:play-services-places-placereport:16.0.0] AndroidManifest.xml:22:5-20
MERGED from [com.google.android.gms:play-services-places-placereport:16.0.0] AndroidManifest.xml:22:5-20
MERGED from [com.google.android.gms:play-services-basement:17.0.0] AndroidManifest.xml:22:5-26:19
MERGED from [com.google.android.gms:play-services-basement:17.0.0] AndroidManifest.xml:22:5-26:19
MERGED from [com.facebook.soloader:soloader:0.6.0] AndroidManifest.xml:11:5-20
MERGED from [com.facebook.soloader:soloader:0.6.0] AndroidManifest.xml:11:5-20
MERGED from [androidx.core:core:1.0.1] AndroidManifest.xml:22:5-89
MERGED from [androidx.core:core:1.0.1] AndroidManifest.xml:22:5-89
MERGED from [androidx.versionedparcelable:versionedparcelable:1.0.0] AndroidManifest.xml:22:5-23:19
MERGED from [androidx.versionedparcelable:versionedparcelable:1.0.0] AndroidManifest.xml:22:5-23:19
	android:appComponentFactory
		ADDED from [androidx.core:core:1.0.1] AndroidManifest.xml:22:18-86
	android:label
		ADDED from src/main/AndroidManifest.xml:17:7-39
	android:roundIcon
		ADDED from src/main/AndroidManifest.xml:19:7-52
	android:icon
		ADDED from src/main/AndroidManifest.xml:18:7-41
	android:allowBackup
		ADDED from src/main/AndroidManifest.xml:20:7-34
	android:theme
		ADDED from src/main/AndroidManifest.xml:21:7-38
	android:name
		ADDED from src/main/AndroidManifest.xml:16:7-38
meta-data#com.google.android.geo.API_KEY
ADDED from src/main/AndroidManifest.xml:23:7-25:66
	android:value
		ADDED from src/main/AndroidManifest.xml:25:9-64
	android:name
		ADDED from src/main/AndroidManifest.xml:24:9-54
activity#com.noponto.MainActivity
ADDED from src/main/AndroidManifest.xml:27:7-36:18
	android:label
		ADDED from src/main/AndroidManifest.xml:29:9-41
	android:windowSoftInputMode
		ADDED from src/main/AndroidManifest.xml:31:9-51
	android:configChanges
		ADDED from src/main/AndroidManifest.xml:30:9-79
	android:name
		ADDED from src/main/AndroidManifest.xml:28:9-37
intent-filter#action:name:android.intent.action.MAIN+category:name:android.intent.category.LAUNCHER
ADDED from src/main/AndroidManifest.xml:32:9-35:25
action#android.intent.action.MAIN
ADDED from src/main/AndroidManifest.xml:33:13-65
	android:name
		ADDED from src/main/AndroidManifest.xml:33:21-62
category#android.intent.category.LAUNCHER
ADDED from src/main/AndroidManifest.xml:34:13-73
	android:name
		ADDED from src/main/AndroidManifest.xml:34:23-70
activity#com.facebook.react.devsupport.DevSettingsActivity
ADDED from src/main/AndroidManifest.xml:37:7-84
	android:name
		ADDED from src/main/AndroidManifest.xml:37:17-81
meta-data#com.dieam.reactnativepushnotification.notification_channel_name
ADDED from src/main/AndroidManifest.xml:38:7-39:67
	android:value
		ADDED from src/main/AndroidManifest.xml:39:19-65
	android:name
		ADDED from src/main/AndroidManifest.xml:38:19-97
meta-data#com.dieam.reactnativepushnotification.notification_channel_description
ADDED from src/main/AndroidManifest.xml:40:7-41:74
	android:value
		ADDED from src/main/AndroidManifest.xml:41:19-72
	android:name
		ADDED from src/main/AndroidManifest.xml:40:19-104
meta-data#com.dieam.reactnativepushnotification.notification_color
ADDED from src/main/AndroidManifest.xml:42:7-43:60
	android:resource
		ADDED from src/main/AndroidManifest.xml:43:19-58
	android:name
		ADDED from src/main/AndroidManifest.xml:42:19-90
service#com.dieam.reactnativepushnotification.modules.RNPushNotificationListenerService
ADDED from src/main/AndroidManifest.xml:44:7-50:17
	android:exported
		ADDED from src/main/AndroidManifest.xml:46:11-35
	android:name
		ADDED from src/main/AndroidManifest.xml:45:11-105
intent-filter#action:name:com.google.firebase.MESSAGING_EVENT
ADDED from src/main/AndroidManifest.xml:47:11-49:27
action#com.google.firebase.MESSAGING_EVENT
ADDED from src/main/AndroidManifest.xml:48:15-76
	android:name
		ADDED from src/main/AndroidManifest.xml:48:23-73
uses-sdk
INJECTED from src/main/AndroidManifest.xml reason: use-sdk injection requested
INJECTED from src/main/AndroidManifest.xml
INJECTED from src/main/AndroidManifest.xml
MERGED from [:react-native-push-notification] AndroidManifest.xml:7:5-9:41
MERGED from [:react-native-push-notification] AndroidManifest.xml:7:5-9:41
MERGED from [:react-native-boundary] AndroidManifest.xml:7:5-9:41
MERGED from [:react-native-boundary] AndroidManifest.xml:7:5-9:41
MERGED from [:react-native-vector-icons] AndroidManifest.xml:7:5-9:41
MERGED from [:react-native-vector-icons] AndroidManifest.xml:7:5-9:41
MERGED from [:react-native-maps] AndroidManifest.xml:5:5-7:41
MERGED from [:react-native-maps] AndroidManifest.xml:5:5-7:41
MERGED from [com.google.android.gms:play-services-maps:16.0.0] AndroidManifest.xml:20:5-44
MERGED from [com.google.android.gms:play-services-maps:16.0.0] AndroidManifest.xml:20:5-44
MERGED from [com.google.android.gms:play-services-gcm:17.0.0] AndroidManifest.xml:20:5-44
MERGED from [com.google.android.gms:play-services-gcm:17.0.0] AndroidManifest.xml:20:5-44
MERGED from [:react-native-geolocation-service] AndroidManifest.xml:5:5-7:41
MERGED from [:react-native-geolocation-service] AndroidManifest.xml:5:5-7:41
MERGED from [com.google.android.gms:play-services-location:16.0.0] AndroidManifest.xml:5:5-44
MERGED from [com.google.android.gms:play-services-location:16.0.0] AndroidManifest.xml:5:5-44
MERGED from [com.google.android.gms:play-services-iid:17.0.0] AndroidManifest.xml:20:5-44
MERGED from [com.google.android.gms:play-services-iid:17.0.0] AndroidManifest.xml:20:5-44
MERGED from [com.google.firebase:firebase-messaging:20.0.1] AndroidManifest.xml:20:5-44
MERGED from [com.google.firebase:firebase-messaging:20.0.1] AndroidManifest.xml:20:5-44
MERGED from [com.google.firebase:firebase-iid:20.0.1] AndroidManifest.xml:20:5-44
MERGED from [com.google.firebase:firebase-iid:20.0.1] AndroidManifest.xml:20:5-44
MERGED from [com.google.firebase:firebase-iid-interop:17.0.0] AndroidManifest.xml:5:5-44
MERGED from [com.google.firebase:firebase-iid-interop:17.0.0] AndroidManifest.xml:5:5-44
MERGED from [com.google.android.gms:play-services-base:17.0.0] AndroidManifest.xml:20:5-44
MERGED from [com.google.android.gms:play-services-base:17.0.0] AndroidManifest.xml:20:5-44
MERGED from [:react-native-gesture-handler] AndroidManifest.xml:7:5-9:41
MERGED from [:react-native-gesture-handler] AndroidManifest.xml:7:5-9:41
MERGED from [com.facebook.react:react-native:0.60.5] AndroidManifest.xml:7:5-9:41
MERGED from [com.facebook.react:react-native:0.60.5] AndroidManifest.xml:7:5-9:41
MERGED from [org.webkit:android-jsc:r245459] AndroidManifest.xml:7:5-9:41
MERGED from [org.webkit:android-jsc:r245459] AndroidManifest.xml:7:5-9:41
MERGED from [androidx.appcompat:appcompat:1.0.2] AndroidManifest.xml:20:5-44
MERGED from [androidx.appcompat:appcompat:1.0.2] AndroidManifest.xml:20:5-44
MERGED from [me.leolin:ShortcutBadger:1.1.8] AndroidManifest.xml:7:5-9:41
MERGED from [me.leolin:ShortcutBadger:1.1.8] AndroidManifest.xml:7:5-9:41
MERGED from [com.google.maps.android:android-maps-utils:0.5] AndroidManifest.xml:5:5-43
MERGED from [com.google.maps.android:android-maps-utils:0.5] AndroidManifest.xml:5:5-43
MERGED from [com.google.android.gms:play-services-stats:17.0.0] AndroidManifest.xml:5:5-44
MERGED from [com.google.android.gms:play-services-stats:17.0.0] AndroidManifest.xml:5:5-44
MERGED from [com.google.firebase:firebase-common:19.2.0] AndroidManifest.xml:7:5-9:41
MERGED from [com.google.firebase:firebase-common:19.2.0] AndroidManifest.xml:7:5-9:41
MERGED from [com.google.android.gms:play-services-tasks:17.0.0] AndroidManifest.xml:5:5-44
MERGED from [com.google.android.gms:play-services-tasks:17.0.0] AndroidManifest.xml:5:5-44
MERGED from [com.google.firebase:firebase-measurement-connector:18.0.0] AndroidManifest.xml:20:5-44
MERGED from [com.google.firebase:firebase-measurement-connector:18.0.0] AndroidManifest.xml:20:5-44
MERGED from [com.google.android.gms:play-services-places-placereport:16.0.0] AndroidManifest.xml:20:5-44
MERGED from [com.google.android.gms:play-services-places-placereport:16.0.0] AndroidManifest.xml:20:5-44
MERGED from [com.google.android.gms:play-services-basement:17.0.0] AndroidManifest.xml:20:5-44
MERGED from [com.google.android.gms:play-services-basement:17.0.0] AndroidManifest.xml:20:5-44
MERGED from [com.facebook.fresco:fresco:2.0.0] AndroidManifest.xml:5:5-7:41
MERGED from [com.facebook.fresco:fresco:2.0.0] AndroidManifest.xml:5:5-7:41
MERGED from [com.facebook.fresco:imagepipeline-okhttp3:2.0.0] AndroidManifest.xml:5:5-7:41
MERGED from [com.facebook.fresco:imagepipeline-okhttp3:2.0.0] AndroidManifest.xml:5:5-7:41
MERGED from [com.facebook.fresco:drawee:2.0.0] AndroidManifest.xml:5:5-7:41
MERGED from [com.facebook.fresco:drawee:2.0.0] AndroidManifest.xml:5:5-7:41
MERGED from [com.facebook.fresco:nativeimagefilters:2.0.0] AndroidManifest.xml:5:5-7:41
MERGED from [com.facebook.fresco:nativeimagefilters:2.0.0] AndroidManifest.xml:5:5-7:41
MERGED from [com.facebook.fresco:imagepipeline:2.0.0] AndroidManifest.xml:5:5-7:41
MERGED from [com.facebook.fresco:imagepipeline:2.0.0] AndroidManifest.xml:5:5-7:41
MERGED from [com.facebook.fresco:nativeimagetranscoder:2.0.0] AndroidManifest.xml:5:5-7:41
MERGED from [com.facebook.fresco:nativeimagetranscoder:2.0.0] AndroidManifest.xml:5:5-7:41
MERGED from [com.facebook.fresco:imagepipeline-base:2.0.0] AndroidManifest.xml:5:5-7:41
MERGED from [com.facebook.fresco:imagepipeline-base:2.0.0] AndroidManifest.xml:5:5-7:41
MERGED from [com.facebook.soloader:soloader:0.6.0] AndroidManifest.xml:7:5-9:41
MERGED from [com.facebook.soloader:soloader:0.6.0] AndroidManifest.xml:7:5-9:41
MERGED from [androidx.fragment:fragment:1.0.0] AndroidManifest.xml:20:5-44
MERGED from [androidx.fragment:fragment:1.0.0] AndroidManifest.xml:20:5-44
MERGED from [androidx.vectordrawable:vectordrawable-animated:1.0.0] AndroidManifest.xml:20:5-44
MERGED from [androidx.vectordrawable:vectordrawable-animated:1.0.0] AndroidManifest.xml:20:5-44
MERGED from [androidx.legacy:legacy-support-core-ui:1.0.0] AndroidManifest.xml:20:5-44
MERGED from [androidx.legacy:legacy-support-core-ui:1.0.0] AndroidManifest.xml:20:5-44
MERGED from [androidx.legacy:legacy-support-core-utils:1.0.0] AndroidManifest.xml:20:5-44
MERGED from [androidx.legacy:legacy-support-core-utils:1.0.0] AndroidManifest.xml:20:5-44
MERGED from [androidx.vectordrawable:vectordrawable:1.0.1] AndroidManifest.xml:20:5-44
MERGED from [androidx.vectordrawable:vectordrawable:1.0.1] AndroidManifest.xml:20:5-44
MERGED from [androidx.loader:loader:1.0.0] AndroidManifest.xml:20:5-44
MERGED from [androidx.loader:loader:1.0.0] AndroidManifest.xml:20:5-44
MERGED from [androidx.viewpager:viewpager:1.0.0] AndroidManifest.xml:20:5-44
MERGED from [androidx.viewpager:viewpager:1.0.0] AndroidManifest.xml:20:5-44
MERGED from [androidx.coordinatorlayout:coordinatorlayout:1.0.0] AndroidManifest.xml:20:5-44
MERGED from [androidx.coordinatorlayout:coordinatorlayout:1.0.0] AndroidManifest.xml:20:5-44
MERGED from [androidx.drawerlayout:drawerlayout:1.0.0] AndroidManifest.xml:20:5-44
MERGED from [androidx.drawerlayout:drawerlayout:1.0.0] AndroidManifest.xml:20:5-44
MERGED from [androidx.slidingpanelayout:slidingpanelayout:1.0.0] AndroidManifest.xml:20:5-44
MERGED from [androidx.slidingpanelayout:slidingpanelayout:1.0.0] AndroidManifest.xml:20:5-44
MERGED from [androidx.customview:customview:1.0.0] AndroidManifest.xml:20:5-44
MERGED from [androidx.customview:customview:1.0.0] AndroidManifest.xml:20:5-44
MERGED from [androidx.swiperefreshlayout:swiperefreshlayout:1.0.0] AndroidManifest.xml:20:5-44
MERGED from [androidx.swiperefreshlayout:swiperefreshlayout:1.0.0] AndroidManifest.xml:20:5-44
MERGED from [androidx.asynclayoutinflater:asynclayoutinflater:1.0.0] AndroidManifest.xml:20:5-44
MERGED from [androidx.asynclayoutinflater:asynclayoutinflater:1.0.0] AndroidManifest.xml:20:5-44
MERGED from [androidx.core:core:1.0.1] AndroidManifest.xml:20:5-44
MERGED from [androidx.core:core:1.0.1] AndroidManifest.xml:20:5-44
MERGED from [androidx.versionedparcelable:versionedparcelable:1.0.0] AndroidManifest.xml:20:5-44
MERGED from [androidx.versionedparcelable:versionedparcelable:1.0.0] AndroidManifest.xml:20:5-44
MERGED from [androidx.cursoradapter:cursoradapter:1.0.0] AndroidManifest.xml:20:5-44
MERGED from [androidx.cursoradapter:cursoradapter:1.0.0] AndroidManifest.xml:20:5-44
MERGED from [androidx.documentfile:documentfile:1.0.0] AndroidManifest.xml:20:5-44
MERGED from [androidx.documentfile:documentfile:1.0.0] AndroidManifest.xml:20:5-44
MERGED from [androidx.localbroadcastmanager:localbroadcastmanager:1.0.0] AndroidManifest.xml:20:5-44
MERGED from [androidx.localbroadcastmanager:localbroadcastmanager:1.0.0] AndroidManifest.xml:20:5-44
MERGED from [androidx.print:print:1.0.0] AndroidManifest.xml:20:5-44
MERGED from [androidx.print:print:1.0.0] AndroidManifest.xml:20:5-44
MERGED from [androidx.lifecycle:lifecycle-runtime:2.0.0] AndroidManifest.xml:20:5-44
MERGED from [androidx.lifecycle:lifecycle-runtime:2.0.0] AndroidManifest.xml:20:5-44
MERGED from [androidx.lifecycle:lifecycle-viewmodel:2.0.0] AndroidManifest.xml:20:5-44
MERGED from [androidx.lifecycle:lifecycle-viewmodel:2.0.0] AndroidManifest.xml:20:5-44
MERGED from [androidx.lifecycle:lifecycle-livedata:2.0.0] AndroidManifest.xml:20:5-44
MERGED from [androidx.lifecycle:lifecycle-livedata:2.0.0] AndroidManifest.xml:20:5-44
MERGED from [androidx.lifecycle:lifecycle-livedata-core:2.0.0] AndroidManifest.xml:20:5-44
MERGED from [androidx.lifecycle:lifecycle-livedata-core:2.0.0] AndroidManifest.xml:20:5-44
MERGED from [androidx.arch.core:core-runtime:2.0.0] AndroidManifest.xml:20:5-44
MERGED from [androidx.arch.core:core-runtime:2.0.0] AndroidManifest.xml:20:5-44
MERGED from [androidx.interpolator:interpolator:1.0.0] AndroidManifest.xml:20:5-44
MERGED from [androidx.interpolator:interpolator:1.0.0] AndroidManifest.xml:20:5-44
MERGED from [com.facebook.fresco:fbcore:2.0.0] AndroidManifest.xml:5:5-7:41
MERGED from [com.facebook.fresco:fbcore:2.0.0] AndroidManifest.xml:5:5-7:41
INJECTED from src/main/AndroidManifest.xml
INJECTED from src/main/AndroidManifest.xml
	android:targetSdkVersion
		INJECTED from src/main/AndroidManifest.xml
		ADDED from src/main/AndroidManifest.xml
		INJECTED from src/main/AndroidManifest.xml
	android:minSdkVersion
		INJECTED from src/main/AndroidManifest.xml
		ADDED from src/main/AndroidManifest.xml
		INJECTED from src/main/AndroidManifest.xml
service#com.eddieowens.services.BoundaryEventJobIntentService
ADDED from [:react-native-boundary] AndroidManifest.xml:17:9-21:72
	android:enabled
		ADDED from [:react-native-boundary] AndroidManifest.xml:19:13-35
	android:exported
		ADDED from [:react-native-boundary] AndroidManifest.xml:20:13-36
	android:permission
		ADDED from [:react-native-boundary] AndroidManifest.xml:21:13-69
	android:name
		ADDED from [:react-native-boundary] AndroidManifest.xml:18:13-81
service#com.eddieowens.services.BoundaryEventHeadlessTaskService
ADDED from [:react-native-boundary] AndroidManifest.xml:22:9-92
	android:name
		ADDED from [:react-native-boundary] AndroidManifest.xml:22:18-89
receiver#com.eddieowens.receivers.BoundaryEventBroadcastReceiver
ADDED from [:react-native-boundary] AndroidManifest.xml:25:9-27:38
	android:enabled
		ADDED from [:react-native-boundary] AndroidManifest.xml:27:13-35
	android:name
		ADDED from [:react-native-boundary] AndroidManifest.xml:26:13-83
uses-permission#android.permission.ACCESS_COARSE_LOCATION
ADDED from [:react-native-maps] AndroidManifest.xml:10:5-81
MERGED from [:react-native-geolocation-service] AndroidManifest.xml:11:5-81
MERGED from [:react-native-geolocation-service] AndroidManifest.xml:11:5-81
	android:name
		ADDED from [:react-native-maps] AndroidManifest.xml:10:22-78
uses-permission#android.permission.ACCESS_NETWORK_STATE
ADDED from [com.google.android.gms:play-services-maps:16.0.0] AndroidManifest.xml:23:5-79
MERGED from [:react-native-geolocation-service] AndroidManifest.xml:10:5-79
MERGED from [:react-native-geolocation-service] AndroidManifest.xml:10:5-79
MERGED from [com.google.firebase:firebase-iid:20.0.1] AndroidManifest.xml:22:5-79
MERGED from [com.google.firebase:firebase-iid:20.0.1] AndroidManifest.xml:22:5-79
	android:name
		ADDED from [com.google.android.gms:play-services-maps:16.0.0] AndroidManifest.xml:23:22-76
uses-feature#0x00020000
ADDED from [com.google.android.gms:play-services-maps:16.0.0] AndroidManifest.xml:26:5-28:35
	android:glEsVersion
		ADDED from [com.google.android.gms:play-services-maps:16.0.0] AndroidManifest.xml:27:9-41
	android:required
		ADDED from [com.google.android.gms:play-services-maps:16.0.0] AndroidManifest.xml:28:9-32
uses-permission#com.google.android.c2dm.permission.RECEIVE
ADDED from [com.google.android.gms:play-services-gcm:17.0.0] AndroidManifest.xml:23:5-82
MERGED from [com.google.android.gms:play-services-iid:17.0.0] AndroidManifest.xml:23:5-82
MERGED from [com.google.android.gms:play-services-iid:17.0.0] AndroidManifest.xml:23:5-82
MERGED from [com.google.firebase:firebase-iid:20.0.1] AndroidManifest.xml:26:5-82
MERGED from [com.google.firebase:firebase-iid:20.0.1] AndroidManifest.xml:26:5-82
	android:name
		ADDED from [com.google.android.gms:play-services-gcm:17.0.0] AndroidManifest.xml:23:22-79
service#com.google.firebase.messaging.FirebaseMessagingService
ADDED from [com.google.firebase:firebase-messaging:20.0.1] AndroidManifest.xml:28:9-34:19
	android:exported
		ADDED from [com.google.firebase:firebase-messaging:20.0.1] AndroidManifest.xml:30:13-37
	android:name
		ADDED from [com.google.firebase:firebase-messaging:20.0.1] AndroidManifest.xml:29:13-82
service#com.google.firebase.components.ComponentDiscoveryService
ADDED from [com.google.firebase:firebase-iid:20.0.1] AndroidManifest.xml:29:9-35:19
MERGED from [com.google.firebase:firebase-common:19.2.0] AndroidManifest.xml:13:9-17:35
MERGED from [com.google.firebase:firebase-common:19.2.0] AndroidManifest.xml:13:9-17:35
	android:exported
		ADDED from [com.google.firebase:firebase-iid:20.0.1] AndroidManifest.xml:31:13-37
	tools:targetApi
		ADDED from [com.google.firebase:firebase-common:19.2.0] AndroidManifest.xml:17:13-32
	android:directBootAware
		ADDED from [com.google.firebase:firebase-common:19.2.0] AndroidManifest.xml:15:13-43
	android:name